Arguments: 
  C:\Program Files\nodejs\node.exe C:\Program Files (x86)\Yarn\bin\yarn.js

PATH: 
  C:\Program Files\Git\mingw64\bin;C:\Program Files\Git\usr\bin;C:\Users\Michael Olshewski\bin;C:\Program Files (x86)\Common Files\Oracle\Java\javapath;C:\Windows\system32;C:\Windows;C:\Windows\System32\Wbem;C:\Windows\System32\WindowsPowerShell\v1.0;C:\Windows\System32\OpenSSH;C:\Program Files (x86)\Brackets\command;C:\php;C:\Program Files (x86)\NVIDIA Corporation\PhysX\Common;C:\Program Files\Git\cmd;C:\Program Files\nodejs;C:\Program Files (x86)\Yarn\bin;C:\Program Files\MongoDB\Server\4.2\bin;C:\Users\Michael Olshewski\AppData\Local\Microsoft\WindowsApps;C:\Users\Michael Olshewski\AppData\Local\atom\bin;C:\Users\Michael Olshewski\AppData\Local\Programs\Microsoft VS Code\bin;C:\Users\Michael Olshewski\AppData\Local\GitHubDesktop\bin;C:\Program Files\heroku\bin;C:\Users\Michael Olshewski\AppData\Roaming\npm;C:\Users\Michael Olshewski\AppData\Local\Yarn\bin

Yarn version: 
  1.22.4

Node version: 
  12.18.2

Platform: 
  win32 x64

Trace: 
  Error: https://registry.yarnpkg.com/@express: Request "https://registry.yarnpkg.com/@express" returned a 405
      at Request.params.callback [as _callback] (C:\Program Files (x86)\Yarn\lib\cli.js:66105:18)
      at Request.self.callback (C:\Program Files (x86)\Yarn\lib\cli.js:140748:22)
      at Request.emit (events.js:315:20)
      at Request.<anonymous> (C:\Program Files (x86)\Yarn\lib\cli.js:141720:10)
      at Request.emit (events.js:315:20)
      at IncomingMessage.<anonymous> (C:\Program Files (x86)\Yarn\lib\cli.js:141642:12)
      at Object.onceWrapper (events.js:421:28)
      at IncomingMessage.emit (events.js:327:22)
      at endReadableNT (_stream_readable.js:1221:12)
      at processTicksAndRejections (internal/process/task_queues.js:84:21)

npm manifest: 
  {
      "name": "MERNApp",
      "version": "1.0.0",
      "description": "My First MERN App",
      "main": "index.js",
      "author": "Michael Olshewski",
      "license": "MIT",
      "dependencies": {
          "@hot-loader/react-dom": "16.13.0",
          "@express": "4.17.1",
          "@mongodb": "3.5.5",
          "@react": "16.13.1",
          "@react-dom": "16.13.1",
          "@react-hot-loader": "4.12.20"
      },
      "devDependencies": {
          "@babel/core": "7.10.5",
          "@babel/preset-env": "7.10.4",
          "@babel/preset-react": "7.10.4",
          "babel-loader": "8.1.0",
          "nodemon": "2.0.4",
          "webpack": "4.43.0",
          "webpack-cli": "3.3.12",
          "webpack-dev-middleware": "3.7.2",
          "webpack-hot-middleware": "2.25.0",
          "webpack-node-externals": "2.5.0"
      }
  }

yarn manifest: 
  No manifest

Lockfile: 
  # THIS IS AN AUTOGENERATED FILE. DO NOT EDIT THIS FILE DIRECTLY.
  # yarn lockfile v1
